<?xml version="1.0" encoding="utf-8"?><testsuites name="pytest tests"><testsuite name="pytest" errors="0" failures="1" skipped="0" tests="8" time="4.688" timestamp="2026-05-06T07:07:17.705709+00:00" hostname="agent-env-9d542345-ca63-4891-b393-4800db100b71"><testcase classname="backend.tests.test_daycare_mission3.TestAdminPricing" name="test_get_pricing_includes_both_families" time="0.524" /><testcase classname="backend.tests.test_daycare_mission3.TestAdminPricing" name="test_put_pricing_persists_merged_object" time="0.422" /><testcase classname="backend.tests.test_daycare_mission3.TestSlotGenerate" name="test_generate_daycare_slots_and_idempotent" time="0.306"><failure message="AssertionError: &lt;!DOCTYPE html&gt;&#10;  &lt;html lang=&quot;en&quot;&gt;&#10;  &lt;head&gt;&#10;  &lt;meta charset=&quot;utf-8&quot;&gt;&#10;  &lt;title&gt;Error&lt;/title&gt;&#10;  &lt;/head&gt;&#10;  &lt;body&gt;&#10;  &lt;pre&gt;Cannot POST /api/admin/slots/generate&lt;/pre&gt;&#10;  &lt;script&gt;(function(){function c(){var b=a.contentDocument||a.contentWindow.document;if(b){var d=b.createElement('script');d.innerHTML=&quot;window.__CF$cv$params={r:'9f7625b36c6a26c8',t:'MTc3ODA1MTIzOA=='};var a=document.createElement('script');a.src='/cdn-cgi/challenge-platform/scripts/jsd/main.js';document.getElementsByTagName('head')[0].appendChild(a);&quot;;b.getElementsByTagName('head')[0].appendChild(d)}}if(document.body){var a=document.createElement('iframe');a.height=1;a.width=1;a.style.position='absolute';a.style.top=0;a.style.left=0;a.style.border='none';a.style.visibility='hidden';document.body.appendChild(a);if('loading'!==document.readyState)c();else if(window.addEventListener)document.addEventListener('DOMContentLoaded',c);else{var e=document.onreadystatechange||function(){};document.onreadystatechange=function(b){e(b);'loading'!==document.readyState&amp;&amp;(document.onreadystatechange=e,c())}}}})();&lt;/script&gt;&lt;/body&gt;&#10;  &lt;/html&gt;&#10;  &#10;assert 404 in (200, 201)&#10; +  where 404 = &lt;Response [404]&gt;.status_code">backend/tests/test_daycare_mission3.py:119: in test_generate_daycare_slots_and_idempotent
    assert r.status_code in (200, 201), r.text
E   AssertionError: &lt;!DOCTYPE html&gt;
E     &lt;html lang="en"&gt;
E     &lt;head&gt;
E     &lt;meta charset="utf-8"&gt;
E     &lt;title&gt;Error&lt;/title&gt;
E     &lt;/head&gt;
E     &lt;body&gt;
E     &lt;pre&gt;Cannot POST /api/admin/slots/generate&lt;/pre&gt;
E     &lt;script&gt;(function(){function c(){var b=a.contentDocument||a.contentWindow.document;if(b){var d=b.createElement('script');d.innerHTML="window.__CF$cv$params={r:'9f7625b36c6a26c8',t:'MTc3ODA1MTIzOA=='};var a=document.createElement('script');a.src='/cdn-cgi/challenge-platform/scripts/jsd/main.js';document.getElementsByTagName('head')[0].appendChild(a);";b.getElementsByTagName('head')[0].appendChild(d)}}if(document.body){var a=document.createElement('iframe');a.height=1;a.width=1;a.style.position='absolute';a.style.top=0;a.style.left=0;a.style.border='none';a.style.visibility='hidden';document.body.appendChild(a);if('loading'!==document.readyState)c();else if(window.addEventListener)document.addEventListener('DOMContentLoaded',c);else{var e=document.onreadystatechange||function(){};document.onreadystatechange=function(b){e(b);'loading'!==document.readyState&amp;&amp;(document.onreadystatechange=e,c())}}}})();&lt;/script&gt;&lt;/body&gt;
E     &lt;/html&gt;
E     
E   assert 404 in (200, 201)
E    +  where 404 = &lt;Response [404]&gt;.status_code</failure></testcase><testcase classname="backend.tests.test_daycare_mission3.TestStaffVisibility" name="test_pending_checkins_includes_daycare_with_fields" time="1.465" /><testcase classname="backend.tests.test_daycare_mission3.TestStaffVisibility" name="test_active_sessions_schema_exposes_fields" time="0.162" /><testcase classname="backend.tests.test_daycare_mission3.TestStaffVisibility" name="test_qr_validate_daycare_exposes_service_fields" time="0.584" /><testcase classname="backend.tests.test_daycare_mission3.TestStaffVisibility" name="test_qr_validate_main_area_exposes_service_fields" time="0.642" /><testcase classname="backend.tests.test_daycare_mission3.TestMission1Regression" name="test_daycare_prefix_still_pkd" time="0.489" /></testsuite></testsuites>