<?xml version="1.0" encoding="utf-8"?><testsuites name="pytest tests"><testsuite name="pytest" errors="0" failures="0" skipped="0" tests="8" time="2.771" timestamp="2026-05-04T07:01:25.004978+00:00" hostname="agent-env-9d542345-ca63-4891-b393-4800db100b71"><testcase classname="backend.tests.test_daycare_mission2.TestHourlyPricingBranching" name="test_legacy_no_query_returns_afternoon" time="0.171" /><testcase classname="backend.tests.test_daycare_mission2.TestHourlyPricingBranching" name="test_morning_happy_hour" time="0.129" /><testcase classname="backend.tests.test_daycare_mission2.TestHourlyPricingBranching" name="test_daycare_shape" time="0.542" /><testcase classname="backend.tests.test_daycare_mission2.TestOfflineBookings" name="test_daycare_cash_offline_booking" time="0.806" /><testcase classname="backend.tests.test_daycare_mission2.TestOfflineBookings" name="test_main_area_cash_offline_booking" time="0.526" /><testcase classname="backend.tests.test_daycare_mission2.TestCapacityRegression" name="test_overbook_daycare_rejected" time="0.255" /><testcase classname="backend.tests.test_daycare_mission2.TestRegression" name="test_subscription_plans" time="0.128" /><testcase classname="backend.tests.test_daycare_mission2.TestRegression" name="test_birthday_packages" time="0.136" /></testsuite></testsuites>