<?xml version="1.0" encoding="utf-8"?><testsuites name="pytest tests"><testsuite name="pytest" errors="0" failures="0" skipped="0" tests="16" time="7.965" timestamp="2026-05-04T06:45:27.194849+00:00" hostname="agent-env-9d542345-ca63-4891-b393-4800db100b71"><testcase classname="backend.tests.test_daycare_mission1.TestPricing" name="test_get_pricing_returns_hourly_and_daycare_keys" time="0.899" /><testcase classname="backend.tests.test_daycare_mission1.TestPricing" name="test_put_pricing_isolation_daycare_does_not_touch_hourly" time="0.591" /><testcase classname="backend.tests.test_daycare_mission1.TestPricing" name="test_put_pricing_isolation_hourly_does_not_touch_daycare" time="0.843" /><testcase classname="backend.tests.test_daycare_mission1.TestSlotAvailability" name="test_hourly_auto_generates_79_slots" time="0.155" /><testcase classname="backend.tests.test_daycare_mission1.TestSlotAvailability" name="test_daycare_returns_seeded_slots_only" time="0.129" /><testcase classname="backend.tests.test_daycare_mission1.TestSlotAvailability" name="test_daycare_no_seed_returns_empty" time="0.167" /><testcase classname="backend.tests.test_daycare_mission1.TestSlotAvailability" name="test_birthday_returns_six_slots" time="0.154" /><testcase classname="backend.tests.test_daycare_mission1.TestHourlyBookingDaycare" name="test_book_daycare_sets_service_type_and_pkd_prefix" time="1.406" /><testcase classname="backend.tests.test_daycare_mission1.TestHourlyBookingDaycare" name="test_book_main_area_hourly_sets_main_area_pkh" time="0.834" /><testcase classname="backend.tests.test_daycare_mission1.TestHourlyBookingDaycare" name="test_offline_daycare_booking" time="0.605" /><testcase classname="backend.tests.test_daycare_mission1.TestHourlyBookingDaycare" name="test_guest_offline_daycare_booking" time="0.579" /><testcase classname="backend.tests.test_daycare_mission1.TestHourlyBookingDaycare" name="test_hourly_endpoint_rejects_birthday_slot" time="0.306" /><testcase classname="backend.tests.test_daycare_mission1.TestDaycareCapacity" name="test_capacity_overbook_rejected_and_no_increment" time="0.493" /><testcase classname="backend.tests.test_daycare_mission1.TestPaymentsCheckout" name="test_create_checkout_hourly_daycare_returns_manual" time="0.311" /><testcase classname="backend.tests.test_daycare_mission1.TestPaymentsCheckout" name="test_subscription_plans_regression" time="0.126" /><testcase classname="backend.tests.test_daycare_mission1.TestBirthdayBookingRegression" name="test_birthday_booking_still_works" time="0.272" /></testsuite></testsuites>