<?xml version="1.0" encoding="utf-8"?><testsuites name="pytest tests"><testsuite name="pytest" errors="0" failures="0" skipped="1" tests="17" time="2.521" timestamp="2026-04-27T12:34:52.479159+00:00" hostname="agent-env-18acdbb1-a266-4e20-87a6-03eb15b1d757"><testcase classname="backend.tests.test_loyalty_phase4.TestParentLoyalty" name="test_balance_returns_plain_json_no_transactions" time="0.429" /><testcase classname="backend.tests.test_loyalty_phase4.TestParentLoyalty" name="test_balance_idempotent" time="0.153" /><testcase classname="backend.tests.test_loyalty_phase4.TestParentLoyalty" name="test_history_shape" time="0.078" /><testcase classname="backend.tests.test_loyalty_phase4.TestParentLoyalty" name="test_balance_requires_auth" time="0.075" /><testcase classname="backend.tests.test_loyalty_phase4.TestAdminLoyaltySettings" name="test_get_settings_admin" time="0.229" /><testcase classname="backend.tests.test_loyalty_phase4.TestAdminLoyaltySettings" name="test_put_settings_persists" time="0.158" /><testcase classname="backend.tests.test_loyalty_phase4.TestAdminLoyaltySettings" name="test_put_settings_sanitises_invalid" time="0.079" /><testcase classname="backend.tests.test_loyalty_phase4.TestAdminLoyaltySettings" name="test_zzz_restore_defaults" time="0.088" /><testcase classname="backend.tests.test_loyalty_phase4.TestAdminLoyaltyLedger" name="test_ledger_default_pagination" time="0.080" /><testcase classname="backend.tests.test_loyalty_phase4.TestAdminLoyaltyLedger" name="test_ledger_custom_page_limit" time="0.077" /><testcase classname="backend.tests.test_loyalty_phase4.TestAdminLoyaltyLedger" name="test_ledger_sorted_desc" time="0.073" /><testcase classname="backend.tests.test_loyalty_phase4.TestRoleSeparation" name="test_parent_blocked_from_settings" time="0.075" /><testcase classname="backend.tests.test_loyalty_phase4.TestRoleSeparation" name="test_parent_blocked_from_ledger" time="0.083" /><testcase classname="backend.tests.test_loyalty_phase4.TestRoleSeparation" name="test_parent_blocked_from_put_settings" time="0.074" /><testcase classname="backend.tests.test_loyalty_phase4.TestRoleSeparation" name="test_unauthenticated_blocked" time="0.145" /><testcase classname="backend.tests.test_loyalty_phase4.TestRoleSeparation" name="test_staff_user_blocked" time="0.311"><skipped type="pytest.skip" message="Could not create staff user (register 400): {&quot;error&quot;:&quot;Email already registered&quot;}">/app/backend/tests/test_loyalty_phase4.py:276: Could not create staff user (register 400): {"error":"Email already registered"}</skipped></testcase><testcase classname="backend.tests.test_loyalty_phase4.TestPolicyRoundtripForEarn" name="test_set_points_per_jd_2_and_read_back" time="0.228" /></testsuite></testsuites>