<?xml version="1.0" encoding="utf-8"?><testsuites name="pytest tests"><testsuite name="pytest" errors="0" failures="0" skipped="0" tests="8" time="4.487" timestamp="2026-05-06T07:53:52.083271+00:00" hostname="agent-env-9d542345-ca63-4891-b393-4800db100b71"><testcase classname="backend.tests.test_daycare_mission3.TestAdminPricing" name="test_get_pricing_includes_both_families" time="0.530" /><testcase classname="backend.tests.test_daycare_mission3.TestAdminPricing" name="test_put_pricing_persists_merged_object" time="0.450" /><testcase classname="backend.tests.test_daycare_mission3.TestSlotGenerate" name="test_generate_daycare_slots_and_idempotent" time="0.420" /><testcase classname="backend.tests.test_daycare_mission3.TestStaffVisibility" name="test_pending_checkins_includes_daycare_with_fields" time="1.350" /><testcase classname="backend.tests.test_daycare_mission3.TestStaffVisibility" name="test_active_sessions_schema_exposes_fields" time="0.122" /><testcase classname="backend.tests.test_daycare_mission3.TestStaffVisibility" name="test_qr_validate_daycare_exposes_service_fields" time="0.583" /><testcase classname="backend.tests.test_daycare_mission3.TestStaffVisibility" name="test_qr_validate_main_area_exposes_service_fields" time="0.509" /><testcase classname="backend.tests.test_daycare_mission3.TestMission1Regression" name="test_daycare_prefix_still_pkd" time="0.339" /></testsuite></testsuites>